#
# There is insufficient memory for the Java Runtime Environment to continue.
# Native memory allocation (malloc) failed to allocate 1005536 bytes for Chunk::new
# Possible reasons:
#   The system is out of physical RAM or swap space
#   In 32 bit mode, the process size limit was hit
# Possible solutions:
#   Reduce memory load on the system
#   Increase physical memory or swap space
#   Check if swap backing store is full
#   Use 64 bit Java on a 64 bit OS
#   Decrease Java heap size (-Xmx/-Xms)
#   Decrease number of Java threads
#   Decrease Java thread stack sizes (-Xss)
#   Set larger code cache with -XX:ReservedCodeCacheSize=
# This output file may be truncated or incomplete.
#
#  Out of Memory Error (allocation.cpp:390), pid=10328, tid=0x00000000000021d4
#
# JRE version: OpenJDK Runtime Environment (8.0_152-b02) (build 1.8.0_152-release-1024-b02)
# Java VM: OpenJDK 64-Bit Server VM (25.152-b02 mixed mode windows-amd64 compressed oops)
# Failed to write core dump. Minidumps are not enabled by default on client versions of Windows
#

---------------  T H R E A D  ---------------

Current thread (0x00000000168b0000):  JavaThread "C2 CompilerThread1" daemon [_thread_in_native, id=8660, stack(0x0000000018010000,0x0000000018110000)]

Stack: [0x0000000018010000,0x0000000018110000]
[error occurred during error reporting (printing stack bounds), id 0xc0000005]

Native frames: (J=compiled Java code, j=interpreted, Vv=VM code, C=native code)


Current CompileTask:
C2:  17884 3429   !   4       java.security.SecureClassLoader::getProtectionDomain (114 bytes)


---------------  P R O C E S S  ---------------

Java Threads: ( => current thread )
  0x000000001dd1b800 JavaThread "pool-1-thread-1" [_thread_blocked, id=9432, stack(0x0000000020bb0000,0x0000000020cb0000)]
  0x000000001dd1b000 JavaThread "build operations Thread 4" [_thread_blocked, id=13812, stack(0x00000000206b0000,0x00000000207b0000)]
  0x000000001dd1a000 JavaThread "build operations Thread 3" [_thread_blocked, id=13616, stack(0x00000000205b0000,0x00000000206b0000)]
  0x000000001dd1f000 JavaThread "build operations Thread 2" [_thread_blocked, id=5220, stack(0x00000000204b0000,0x00000000205b0000)]
  0x000000001dd1e000 JavaThread "build operations" [_thread_blocked, id=1320, stack(0x000000001ff80000,0x0000000020080000)]
  0x000000001dd1d800 JavaThread "Cache worker for Artifact transforms cache (C:\Users\Parul\.gradle\caches\transforms-1)" [_thread_blocked, id=1952, stack(0x000000001c730000,0x000000001c830000)]
  0x0000000019daf000 JavaThread "Cache worker for file hash cache (D:\SIH - Copy\.gradle\4.4\fileHashes)" [_thread_blocked, id=14448, stack(0x000000001c430000,0x000000001c530000)]
  0x00000000199f7000 JavaThread "File lock request listener" [_thread_in_native, id=10096, stack(0x000000001c330000,0x000000001c430000)]
  0x0000000019860800 JavaThread "Cache worker for file hash cache (C:\Users\Parul\.gradle\caches\4.4\fileHashes)" [_thread_blocked, id=2148, stack(0x000000001c230000,0x000000001c330000)]
  0x0000000018458800 JavaThread "Stdin handler" [_thread_blocked, id=5384, stack(0x000000001af60000,0x000000001b060000)]
  0x0000000018457800 JavaThread "Asynchronous log dispatcher for DefaultDaemonConnection: socket connection from /127.0.0.1:59560 to /127.0.0.1:59561" [_thread_blocked, id=14452, stack(0x000000001ae60000,0x000000001af60000)]
  0x0000000018367000 JavaThread "Daemon worker" [_thread_in_vm, id=15332, stack(0x000000001ad60000,0x000000001ae60000)]
  0x0000000018351800 JavaThread "Cancel handler" [_thread_blocked, id=12952, stack(0x000000001ac60000,0x000000001ad60000)]
  0x0000000018a83800 JavaThread "Handler for socket connection from /127.0.0.1:59560 to /127.0.0.1:59561" [_thread_in_native, id=1560, stack(0x000000001a960000,0x000000001aa60000)]
  0x0000000018a7f800 JavaThread "Daemon" [_thread_blocked, id=8040, stack(0x000000001a860000,0x000000001a960000)]
  0x0000000018a89800 JavaThread "Daemon periodic checks" [_thread_blocked, id=13156, stack(0x000000001a760000,0x000000001a860000)]
  0x00000000168d2000 JavaThread "Incoming local TCP Connector on port 59560" [_thread_in_native, id=12300, stack(0x000000001a520000,0x000000001a620000)]
  0x0000000018238800 JavaThread "Service Thread" daemon [_thread_blocked, id=1180, stack(0x0000000018610000,0x0000000018710000)]
  0x00000000168bc800 JavaThread "C1 CompilerThread2" daemon [_thread_blocked, id=11804, stack(0x0000000018110000,0x0000000018210000)]
=>0x00000000168b0000 JavaThread "C2 CompilerThread1" daemon [_thread_in_native, id=8660, stack(0x0000000018010000,0x0000000018110000)]
  0x00000000168b8000 JavaThread "C2 CompilerThread0" daemon [_thread_in_native, id=4712, stack(0x0000000017f10000,0x0000000018010000)]
  0x00000000168b6800 JavaThread "Attach Listener" daemon [_thread_blocked, id=7984, stack(0x0000000017e10000,0x0000000017f10000)]
  0x00000000168b5000 JavaThread "Signal Dispatcher" daemon [_thread_blocked, id=4580, stack(0x0000000017d10000,0x0000000017e10000)]
  0x0000000002f3d800 JavaThread "Finalizer" daemon [_thread_blocked, id=12212, stack(0x0000000017b20000,0x0000000017c20000)]
  0x0000000002f31800 JavaThread "Reference Handler" daemon [_thread_blocked, id=9640, stack(0x0000000017a20000,0x0000000017b20000)]
  0x0000000002d2e000 JavaThread "main" [_thread_blocked, id=13080, stack(0x0000000002d30000,0x0000000002e30000)]

Other Threads:
  0x0000000016876000 VMThread [stack: 0x0000000017920000,0x0000000017a20000] [id=9788]
  0x000000001823a000 WatcherThread [stack: 0x0000000018710000,0x0000000018810000] [id=576]

VM state:not at safepoint (normal execution)

VM Mutex/Monitor currently owned by a thread: None

Heap:
 PSYoungGen      total 67072K, used 5216K [0x00000000e0000000, 0x00000000e4e80000, 0x0000000100000000)
  eden space 56320K, 9% used [0x00000000e0000000,0x00000000e0518040,0x00000000e3700000)
  from space 10752K, 0% used [0x00000000e4280000,0x00000000e4280000,0x00000000e4d00000)
  to   space 11776K, 0% used [0x00000000e3700000,0x00000000e3700000,0x00000000e4280000)
 ParOldGen       total 107520K, used 17325K [0x00000000a0000000, 0x00000000a6900000, 0x00000000e0000000)
  object space 107520K, 16% used [0x00000000a0000000,0x00000000a10eb5a0,0x00000000a6900000)
 Metaspace       used 35274K, capacity 36114K, committed 36224K, reserved 1081344K
  class space    used 4903K, capacity 5192K, committed 5248K, reserved 1048576K

Card table byte_map: [0x0000000012300000,0x0000000012610000] byte_map_base: 0x0000000011e00000

Marking Bits: (ParMarkBitMap*) 0x0000000056494970
 Begin Bits: [0x0000000012c10000, 0x0000000014410000)
 End Bits:   [0x0000000014410000, 0x0000000015c10000)

Polling page: 0x0000000002af0000

CodeCache: size=245760Kb used=11359Kb max_used=11367Kb free=234400Kb
 bounds [0x0000000002f40000, 0x0000000003a70000, 0x0000000011f40000]
 total_blobs=3812 nmethods=3120 adapters=605
 compilation: enabled

Compilation events (10 events):
Event: 17.585 Thread 0x00000000168b8000 3428       4       java.lang.ClassLoader::defineClass (43 bytes)
Event: 17.590 Thread 0x00000000168b0000 3429   !   4       java.security.SecureClassLoader::getProtectionDomain (114 bytes)
Event: 17.727 Thread 0x00000000168b8000 nmethod 3428 0x0000000003a62650 code [0x0000000003a62840, 0x0000000003a63720]
Event: 17.727 Thread 0x00000000168b8000 3430       4       java.util.zip.ZipFile$ZipFileInputStream::finalize (5 bytes)
Event: 17.728 Thread 0x00000000168b8000 nmethod 3430 0x0000000003a552d0 code [0x0000000003a55420, 0x0000000003a554a8]
Event: 17.834 Thread 0x00000000168b8000 3431  s    4       java.util.jar.JarFile::getInputStream (89 bytes)
Event: 17.853 Thread 0x00000000168bc800 3432       3       com.google.common.collect.MapMakerInternalMap$Segment::copyEntry (81 bytes)
Event: 17.854 Thread 0x00000000168bc800 nmethod 3432 0x0000000003a55e50 code [0x0000000003a56020, 0x0000000003a567e8]
Event: 17.854 Thread 0x00000000168bc800 3433       3       com.google.common.collect.MapMakerInternalMap$EntryFactory::copyEntry (19 bytes)
Event: 17.854 Thread 0x00000000168bc800 nmethod 3433 0x0000000003a5cbd0 code [0x0000000003a5cd60, 0x0000000003a5d128]

GC Heap History (10 events):
Event: 12.528 GC heap before
{Heap before GC invocations=8 (full 1):
 PSYoungGen      total 42496K, used 35705K [0x00000000e0000000, 0x00000000e3f80000, 0x0000000100000000)
  eden space 32256K, 100% used [0x00000000e0000000,0x00000000e1f80000,0x00000000e1f80000)
  from space 10240K, 33% used [0x00000000e2980000,0x00000000e2cde790,0x00000000e3380000)
  to   space 10240K, 0% used [0x00000000e1f80000,0x00000000e1f80000,0x00000000e2980000)
 ParOldGen       total 65536K, used 8240K [0x00000000a0000000, 0x00000000a4000000, 0x00000000e0000000)
  object space 65536K, 12% used [0x00000000a0000000,0x00000000a080c0a0,0x00000000a4000000)
 Metaspace       used 26008K, capacity 26528K, committed 26624K, reserved 1073152K
  class space    used 3629K, capacity 3805K, committed 3840K, reserved 1048576K
Event: 12.534 GC heap after
Heap after GC invocations=8 (full 1):
 PSYoungGen      total 42496K, used 4913K [0x00000000e0000000, 0x00000000e3f80000, 0x0000000100000000)
  eden space 32256K, 0% used [0x00000000e0000000,0x00000000e0000000,0x00000000e1f80000)
  from space 10240K, 47% used [0x00000000e1f80000,0x00000000e244c7d0,0x00000000e2980000)
  to   space 10240K, 0% used [0x00000000e3580000,0x00000000e3580000,0x00000000e3f80000)
 ParOldGen       total 65536K, used 8248K [0x00000000a0000000, 0x00000000a4000000, 0x00000000e0000000)
  object space 65536K, 12% used [0x00000000a0000000,0x00000000a080e0a0,0x00000000a4000000)
 Metaspace       used 26008K, capacity 26528K, committed 26624K, reserved 1073152K
  class space    used 3629K, capacity 3805K, committed 3840K, reserved 1048576K
}
Event: 13.388 GC heap before
{Heap before GC invocations=9 (full 1):
 PSYoungGen      total 42496K, used 37169K [0x00000000e0000000, 0x00000000e3f80000, 0x0000000100000000)
  eden space 32256K, 100% used [0x00000000e0000000,0x00000000e1f80000,0x00000000e1f80000)
  from space 10240K, 47% used [0x00000000e1f80000,0x00000000e244c7d0,0x00000000e2980000)
  to   space 10240K, 0% used [0x00000000e3580000,0x00000000e3580000,0x00000000e3f80000)
 ParOldGen       total 65536K, used 8248K [0x00000000a0000000, 0x00000000a4000000, 0x00000000e0000000)
  object space 65536K, 12% used [0x00000000a0000000,0x00000000a080e0a0,0x00000000a4000000)
 Metaspace       used 28588K, capacity 29228K, committed 29568K, reserved 1075200K
  class space    used 3974K, capacity 4170K, committed 4224K, reserved 1048576K
Event: 13.397 GC heap after
Heap after GC invocations=9 (full 1):
 PSYoungGen      total 55296K, used 6683K [0x00000000e0000000, 0x00000000e4000000, 0x0000000100000000)
  eden space 45056K, 0% used [0x00000000e0000000,0x00000000e0000000,0x00000000e2c00000)
  from space 10240K, 65% used [0x00000000e3580000,0x00000000e3c06c80,0x00000000e3f80000)
  to   space 9728K, 0% used [0x00000000e2c00000,0x00000000e2c00000,0x00000000e3580000)
 ParOldGen       total 65536K, used 8256K [0x00000000a0000000, 0x00000000a4000000, 0x00000000e0000000)
  object space 65536K, 12% used [0x00000000a0000000,0x00000000a08100a0,0x00000000a4000000)
 Metaspace       used 28588K, capacity 29228K, committed 29568K, reserved 1075200K
  class space    used 3974K, capacity 4170K, committed 4224K, reserved 1048576K
}
Event: 15.233 GC heap before
{Heap before GC invocations=10 (full 1):
 PSYoungGen      total 55296K, used 51739K [0x00000000e0000000, 0x00000000e4000000, 0x0000000100000000)
  eden space 45056K, 100% used [0x00000000e0000000,0x00000000e2c00000,0x00000000e2c00000)
  from space 10240K, 65% used [0x00000000e3580000,0x00000000e3c06c80,0x00000000e3f80000)
  to   space 9728K, 0% used [0x00000000e2c00000,0x00000000e2c00000,0x00000000e3580000)
 ParOldGen       total 65536K, used 8256K [0x00000000a0000000, 0x00000000a4000000, 0x00000000e0000000)
  object space 65536K, 12% used [0x00000000a0000000,0x00000000a08100a0,0x00000000a4000000)
 Metaspace       used 30788K, capacity 31470K, committed 31744K, reserved 1077248K
  class space    used 4325K, capacity 4554K, committed 4608K, reserved 1048576K
Event: 15.248 GC heap after
Heap after GC invocations=10 (full 1):
 PSYoungGen      total 54784K, used 8925K [0x00000000e0000000, 0x00000000e4d00000, 0x0000000100000000)
  eden space 45056K, 0% used [0x00000000e0000000,0x00000000e0000000,0x00000000e2c00000)
  from space 9728K, 91% used [0x00000000e2c00000,0x00000000e34b76f8,0x00000000e3580000)
  to   space 10752K, 0% used [0x00000000e4280000,0x00000000e4280000,0x00000000e4d00000)
 ParOldGen       total 65536K, used 8264K [0x00000000a0000000, 0x00000000a4000000, 0x00000000e0000000)
  object space 65536K, 12% used [0x00000000a0000000,0x00000000a08120a0,0x00000000a4000000)
 Metaspace       used 30788K, capacity 31470K, committed 31744K, reserved 1077248K
  class space    used 4325K, capacity 4554K, committed 4608K, reserved 1048576K
}
Event: 17.599 GC heap before
{Heap before GC invocations=11 (full 1):
 PSYoungGen      total 54784K, used 33960K [0x00000000e0000000, 0x00000000e4d00000, 0x0000000100000000)
  eden space 45056K, 55% used [0x00000000e0000000,0x00000000e1872c88,0x00000000e2c00000)
  from space 9728K, 91% used [0x00000000e2c00000,0x00000000e34b76f8,0x00000000e3580000)
  to   space 10752K, 0% used [0x00000000e4280000,0x00000000e4280000,0x00000000e4d00000)
 ParOldGen       total 65536K, used 8264K [0x00000000a0000000, 0x00000000a4000000, 0x00000000e0000000)
  object space 65536K, 12% used [0x00000000a0000000,0x00000000a08120a0,0x00000000a4000000)
 Metaspace       used 34536K, capacity 35314K, committed 35416K, reserved 1079296K
  class space    used 4829K, capacity 5096K, committed 5120K, reserved 1048576K
Event: 17.612 GC heap after
Heap after GC invocations=11 (full 1):
 PSYoungGen      total 67072K, used 10741K [0x00000000e0000000, 0x00000000e4e80000, 0x0000000100000000)
  eden space 56320K, 0% used [0x00000000e0000000,0x00000000e0000000,0x00000000e3700000)
  from space 10752K, 99% used [0x00000000e4280000,0x00000000e4cfd4a8,0x00000000e4d00000)
  to   space 11776K, 0% used [0x00000000e3700000,0x00000000e3700000,0x00000000e4280000)
 ParOldGen       total 65536K, used 8312K [0x00000000a0000000, 0x00000000a4000000, 0x00000000e0000000)
  object space 65536K, 12% used [0x00000000a0000000,0x00000000a081e0a0,0x00000000a4000000)
 Metaspace       used 34536K, capacity 35314K, committed 35416K, reserved 1079296K
  class space    used 4829K, capacity 5096K, committed 5120K, reserved 1048576K
}
Event: 17.612 GC heap before
{Heap before GC invocations=12 (full 2):
 PSYoungGen      total 67072K, used 10741K [0x00000000e0000000, 0x00000000e4e80000, 0x0000000100000000)
  eden space 56320K, 0% used [0x00000000e0000000,0x00000000e0000000,0x00000000e3700000)
  from space 10752K, 99% used [0x00000000e4280000,0x00000000e4cfd4a8,0x00000000e4d00000)
  to   space 11776K, 0% used [0x00000000e3700000,0x00000000e3700000,0x00000000e4280000)
 ParOldGen       total 65536K, used 8312K [0x00000000a0000000, 0x00000000a4000000, 0x00000000e0000000)
  object space 65536K, 12% used [0x00000000a0000000,0x00000000a081e0a0,0x00000000a4000000)
 Metaspace       used 34536K, capacity 35314K, committed 35416K, reserved 1079296K
  class space    used 4829K, capacity 5096K, committed 5120K, reserved 1048576K
Event: 17.708 GC heap after
Heap after GC invocations=12 (full 2):
 PSYoungGen      total 67072K, used 0K [0x00000000e0000000, 0x00000000e4e80000, 0x0000000100000000)
  eden space 56320K, 0% used [0x00000000e0000000,0x00000000e0000000,0x00000000e3700000)
  from space 10752K, 0% used [0x00000000e4280000,0x00000000e4280000,0x00000000e4d00000)
  to   space 11776K, 0% used [0x00000000e3700000,0x00000000e3700000,0x00000000e4280000)
 ParOldGen       total 107520K, used 17325K [0x00000000a0000000, 0x00000000a6900000, 0x00000000e0000000)
  object space 107520K, 16% used [0x00000000a0000000,0x00000000a10eb5a0,0x00000000a6900000)
 Metaspace       used 34536K, capacity 35314K, committed 35416K, reserved 1079296K
  class space    used 4829K, capacity 5096K, committed 5120K, reserved 1048576K
}

Deoptimization events (10 events):
Event: 13.930 Thread 0x0000000018367000 Uncommon trap: reason=class_check action=maybe_recompile pc=0x00000000038f76c8 method=org.codehaus.groovy.runtime.metaclass.MetaMethodIndex.addMethodToList(Ljava/lang/Object;Lgroovy/lang/MetaMethod;)Ljava/lang/Object; @ 220
Event: 14.022 Thread 0x0000000018367000 Uncommon trap: reason=unstable_if action=reinterpret pc=0x00000000034628e0 method=java.net.URI.match(CJJ)Z @ 45
Event: 14.737 Thread 0x000000001dd1e000 Uncommon trap: reason=unstable_if action=reinterpret pc=0x00000000039f1274 method=com.esotericsoftware.kryo.io.Output.writeString(Ljava/lang/CharSequence;)V @ 1
Event: 15.500 Thread 0x0000000018367000 Uncommon trap: reason=unstable_if action=reinterpret pc=0x0000000003211c3c method=java.util.jar.JarFile.match([C[B[I[I)Z @ 29
Event: 17.018 Thread 0x0000000018367000 Uncommon trap: reason=bimorphic action=maybe_recompile pc=0x00000000037ee114 method=java.util.Arrays.binarySearch0([Ljava/lang/Object;IILjava/lang/Object;Ljava/util/Comparator;)I @ 48
Event: 17.018 Thread 0x0000000018367000 Uncommon trap: reason=bimorphic action=maybe_recompile pc=0x00000000037ee114 method=java.util.Arrays.binarySearch0([Ljava/lang/Object;IILjava/lang/Object;Ljava/util/Comparator;)I @ 48
Event: 17.019 Thread 0x0000000018367000 Uncommon trap: reason=bimorphic action=maybe_recompile pc=0x00000000037ee114 method=java.util.Arrays.binarySearch0([Ljava/lang/Object;IILjava/lang/Object;Ljava/util/Comparator;)I @ 48
Event: 17.019 Thread 0x0000000018367000 Uncommon trap: reason=bimorphic action=maybe_recompile pc=0x00000000037ee114 method=java.util.Arrays.binarySearch0([Ljava/lang/Object;IILjava/lang/Object;Ljava/util/Comparator;)I @ 48
Event: 17.206 Thread 0x0000000018367000 Uncommon trap: reason=unstable_if action=reinterpret pc=0x00000000031bc5f4 method=sun.misc.MetaIndex.mayContain(Ljava/lang/String;)Z @ 38
Event: 17.361 Thread 0x0000000018367000 Uncommon trap: reason=unstable_if action=reinterpret pc=0x0000000003751ea4 method=java.util.regex.Pattern.has(I)Z @ 6

Classes redefined (0 events):
No events

Internal exceptions (10 events):
Event: 16.029 Thread 0x0000000018367000 Exception <a 'java/lang/ClassNotFoundException': org/gradle/api/DefaultTaskBeanInfo> (0x00000000e03e55f8) thrown at [D:\src\AOSP-openjdk-cygwin\jdk8u\hotspot\src\share\vm\classfile\systemDictionary.cpp, line 210]
Event: 16.030 Thread 0x0000000018367000 Exception <a 'java/lang/ClassNotFoundException': org/gradle/api/internal/AbstractTaskBeanInfo> (0x00000000e040eee8) thrown at [D:\src\AOSP-openjdk-cygwin\jdk8u\hotspot\src\share\vm\classfile\systemDictionary.cpp, line 210]
Event: 16.031 Thread 0x0000000018367000 Exception <a 'java/lang/ClassNotFoundException': org/gradle/api/internal/AbstractTaskCustomizer> (0x00000000e0439380) thrown at [D:\src\AOSP-openjdk-cygwin\jdk8u\hotspot\src\share\vm\classfile\systemDictionary.cpp, line 210]
Event: 16.034 Thread 0x0000000018367000 Exception <a 'java/lang/ClassNotFoundException': org/gradle/api/DefaultTaskCustomizer> (0x00000000e04c1698) thrown at [D:\src\AOSP-openjdk-cygwin\jdk8u\hotspot\src\share\vm\classfile\systemDictionary.cpp, line 210]
Event: 16.035 Thread 0x0000000018367000 Exception <a 'java/lang/ClassNotFoundException': org/gradle/api/internal/ConventionTaskCustomizer> (0x00000000e04fb5a0) thrown at [D:\src\AOSP-openjdk-cygwin\jdk8u\hotspot\src\share\vm\classfile\systemDictionary.cpp, line 210]
Event: 16.037 Thread 0x0000000018367000 Exception <a 'java/lang/ClassNotFoundException': org/gradle/api/tasks/DeleteCustomizer> (0x00000000e05333f0) thrown at [D:\src\AOSP-openjdk-cygwin\jdk8u\hotspot\src\share\vm\classfile\systemDictionary.cpp, line 210]
Event: 16.039 Thread 0x0000000018367000 Exception <a 'java/lang/ClassNotFoundException': org/gradle/api/tasks/Delete_DecoratedCustomizer> (0x00000000e0578e68) thrown at [D:\src\AOSP-openjdk-cygwin\jdk8u\hotspot\src\share\vm\classfile\systemDictionary.cpp, line 210]
Event: 16.264 Thread 0x0000000018367000 Exception <a 'java/lang/ClassNotFoundException': build_6kvr67hozc4k945cus4knj2a1BeanInfo> (0x00000000e07f1048) thrown at [D:\src\AOSP-openjdk-cygwin\jdk8u\hotspot\src\share\vm\classfile\systemDictionary.cpp, line 210]
Event: 16.264 Thread 0x0000000018367000 Exception <a 'java/lang/ClassNotFoundException': build_6kvr67hozc4k945cus4knj2a1Customizer> (0x00000000e07fb510) thrown at [D:\src\AOSP-openjdk-cygwin\jdk8u\hotspot\src\share\vm\classfile\systemDictionary.cpp, line 210]
Event: 17.551 Thread 0x0000000018367000 Exception <a 'sun/nio/fs/WindowsException'> (0x00000000e16a2270) thrown at [D:\src\AOSP-openjdk-cygwin\jdk8u\hotspot\src\share\vm\prims\jni.cpp, line 709]

Events (10 events):
Event: 17.855 loading class com/google/wireless/android/sdk/stats/InstantRunStatus
Event: 17.855 loading class com/google/wireless/android/sdk/stats/InstantRunStatus done
Event: 17.858 loading class com/google/wireless/android/sdk/stats/JavaProcessStatsOrBuilder
Event: 17.858 loading class com/google/wireless/android/sdk/stats/JavaProcessStatsOrBuilder done
Event: 17.858 loading class com/google/wireless/android/sdk/stats/GradleBuildMemorySample$1
Event: 17.858 loading class com/google/wireless/android/sdk/stats/GradleBuildMemorySample$1 done
Event: 17.859 loading class com/google/wireless/android/sdk/stats/GradleBuildMemorySample$Builder
Event: 17.859 loading class com/google/wireless/android/sdk/stats/GradleBuildMemorySample$Builder done
Event: 17.862 loading class com/google/wireless/android/sdk/stats/JavaProcessStats
Event: 17.862 loading class com/google/wireless/android/sdk/stats/JavaProcessStats done


Dynamic libraries:
0x00007ff6fc030000 - 0x00007ff6fc061000 	C:\Program Files\Android\Android Studio\jre\bin\java.exe
0x00007fffd5b20000 - 0x00007fffd5d01000 	C:\WINDOWS\SYSTEM32\ntdll.dll
0x00007fffd5960000 - 0x00007fffd5a12000 	C:\WINDOWS\System32\KERNEL32.DLL
0x00007fffd1f40000 - 0x00007fffd21b3000 	C:\WINDOWS\System32\KERNELBASE.dll
0x00007fffc75a0000 - 0x00007fffc75c3000 	C:\WINDOWS\system32\atklshld64.dll
0x00007fffd4cf0000 - 0x00007fffd4e80000 	C:\WINDOWS\System32\USER32.dll
0x00007fffd2a50000 - 0x00007fffd2a70000 	C:\WINDOWS\System32\win32u.dll
0x00007fffd4ad0000 - 0x00007fffd4af8000 	C:\WINDOWS\System32\GDI32.dll
0x00007fffd2ad0000 - 0x00007fffd2c62000 	C:\WINDOWS\System32\gdi32full.dll
0x00007fffd2c70000 - 0x00007fffd2d0f000 	C:\WINDOWS\System32\msvcp_win.dll
0x00007fffd21c0000 - 0x00007fffd22ba000 	C:\WINDOWS\System32\ucrtbase.dll
0x00007fffd4ee0000 - 0x00007fffd4f81000 	C:\WINDOWS\System32\ADVAPI32.dll
0x00007fffd4810000 - 0x00007fffd48ae000 	C:\WINDOWS\System32\msvcrt.dll
0x00007fffd43f0000 - 0x00007fffd444b000 	C:\WINDOWS\System32\sechost.dll
0x00007fffd4bc0000 - 0x00007fffd4ce4000 	C:\WINDOWS\System32\RPCRT4.dll
0x00007fffc03b0000 - 0x00007fffc0619000 	C:\WINDOWS\WinSxS\amd64_microsoft.windows.common-controls_6595b64144ccf1df_6.0.17134.590_none_fb3d9bff3069e088\COMCTL32.dll
0x00007fffd4f90000 - 0x00007fffd52b2000 	C:\WINDOWS\System32\combase.dll
0x00007fffd29d0000 - 0x00007fffd2a4a000 	C:\WINDOWS\System32\bcryptPrimitives.dll
0x00007fffd5380000 - 0x00007fffd53ad000 	C:\WINDOWS\System32\IMM32.DLL
0x0000000058d20000 - 0x0000000058df2000 	C:\Program Files\Android\Android Studio\jre\jre\bin\msvcr100.dll
0x0000000055cd0000 - 0x000000005650f000 	C:\Program Files\Android\Android Studio\jre\jre\bin\server\jvm.dll
0x00007fffd4690000 - 0x00007fffd4698000 	C:\WINDOWS\System32\PSAPI.DLL
0x00007fffbe7e0000 - 0x00007fffbe7e9000 	C:\WINDOWS\SYSTEM32\WSOCK32.dll
0x00007fffcf9a0000 - 0x00007fffcf9c3000 	C:\WINDOWS\SYSTEM32\WINMM.dll
0x00007fffd53b0000 - 0x00007fffd541c000 	C:\WINDOWS\System32\WS2_32.dll
0x00007fffcf630000 - 0x00007fffcf65a000 	C:\WINDOWS\SYSTEM32\winmmbase.dll
0x00007fffd1ef0000 - 0x00007fffd1f39000 	C:\WINDOWS\System32\cfgmgr32.dll
0x00007fffc9980000 - 0x00007fffc998a000 	C:\WINDOWS\SYSTEM32\VERSION.dll
0x00007fffce460000 - 0x00007fffce46f000 	C:\Program Files\Android\Android Studio\jre\jre\bin\verify.dll
0x00007fffab3c0000 - 0x00007fffab3e9000 	C:\Program Files\Android\Android Studio\jre\jre\bin\java.dll
0x00007fffb0930000 - 0x00007fffb0946000 	C:\Program Files\Android\Android Studio\jre\jre\bin\zip.dll
0x00007fffd2fb0000 - 0x00007fffd43f0000 	C:\WINDOWS\System32\SHELL32.dll
0x00007fffd52d0000 - 0x00007fffd5379000 	C:\WINDOWS\System32\shcore.dll
0x00007fffd22c0000 - 0x00007fffd29cd000 	C:\WINDOWS\System32\windows.storage.dll
0x00007fffd44b0000 - 0x00007fffd4501000 	C:\WINDOWS\System32\shlwapi.dll
0x00007fffd1e40000 - 0x00007fffd1e51000 	C:\WINDOWS\System32\kernel.appcore.dll
0x00007fffd1eb0000 - 0x00007fffd1ecf000 	C:\WINDOWS\System32\profapi.dll
0x00007fffd1e60000 - 0x00007fffd1eac000 	C:\WINDOWS\System32\powrprof.dll
0x00007fffd1e30000 - 0x00007fffd1e3a000 	C:\WINDOWS\System32\FLTLIB.DLL
0x00007fffce480000 - 0x00007fffce49a000 	C:\Program Files\Android\Android Studio\jre\jre\bin\net.dll
0x00007fffd16b0000 - 0x00007fffd1716000 	C:\WINDOWS\system32\mswsock.dll
0x00007fffcd3f0000 - 0x00007fffcd401000 	C:\Program Files\Android\Android Studio\jre\jre\bin\nio.dll
0x00007fffc1eb0000 - 0x00007fffc1ece000 	C:\Users\Parul\.gradle\native\25\windows-amd64\native-platform.dll
0x00007fffce470000 - 0x00007fffce47d000 	C:\Program Files\Android\Android Studio\jre\jre\bin\management.dll
0x00007fffd1860000 - 0x00007fffd1877000 	C:\WINDOWS\SYSTEM32\CRYPTSP.dll
0x00007fffd1290000 - 0x00007fffd12c3000 	C:\WINDOWS\system32\rsaenh.dll
0x00007fffd1990000 - 0x00007fffd19b5000 	C:\WINDOWS\SYSTEM32\bcrypt.dll
0x00007fffd1d60000 - 0x00007fffd1d88000 	C:\WINDOWS\SYSTEM32\USERENV.dll
0x00007fffd1880000 - 0x00007fffd188b000 	C:\WINDOWS\SYSTEM32\CRYPTBASE.dll
0x00007fffd1430000 - 0x00007fffd1468000 	C:\WINDOWS\SYSTEM32\IPHLPAPI.DLL
0x00007fffd46a0000 - 0x00007fffd46a8000 	C:\WINDOWS\System32\NSI.dll
0x00007fffc93d0000 - 0x00007fffc93e6000 	C:\WINDOWS\SYSTEM32\dhcpcsvc6.DLL
0x00007fffc9410000 - 0x00007fffc942a000 	C:\WINDOWS\SYSTEM32\dhcpcsvc.DLL

VM Arguments:
jvm_args: -Xmx1536m -Dfile.encoding=windows-1252 -Duser.country=US -Duser.language=en -Duser.variant 
java_command: org.gradle.launcher.daemon.bootstrap.GradleDaemon 4.4
java_class_path (initial): C:\Users\Parul\.gradle\wrapper\dists\gradle-4.4-all\9br9xq1tocpiv8o6njlyu5op1\gradle-4.4\lib\gradle-launcher-4.4.jar
Launcher Type: SUN_STANDARD

Environment Variables:
PATH=C:\Program Files (x86)\Common Files\Oracle\Java\javapath;C:\Users\Parul\Anaconda3;C:\Users\Parul\Anaconda3\Library\mingw-w64\bin;C:\Users\Parul\Anaconda3\Library\usr\bin;C:\Users\Parul\Anaconda3\Library\bin;C:\Users\Parul\Anaconda3\Scripts;C:\oraclexe\app\oracle\product\11.2.0\server\bin;C:\Windows\system32;C:\Windows;C:\Windows\System32\Wbem;C:\Windows\System32\WindowsPowerShell\v1.0\;C:\Program Files (x86)\NVIDIA Corporation\PhysX\Common;C:\Program Files\Intel\WiFi\bin\;C:\Program Files\Common Files\Intel\WirelessCommon\;C:\WINDOWS\system32;C:\WINDOWS;C:\WINDOWS\System32\Wbem;C:\WINDOWS\System32\WindowsPowerShell\v1.0\;C:\Python27;C:\WINDOWS\System32\OpenSSH\;C:\Program Files\Git\cmd;C:\Program Files\MATLAB\R2017b\runtime\win64;C:\Program Files\MATLAB\R2017b\bin;C:\Program Files\nodejs\;?C:\Users\Parul\Anaconda2\Scripts;C:\Users\Parul\AppData\Local\Microsoft\WindowsApps;C:\Users\Parul\AppData\Local\GitHubDesktop\bin;C:\Users\Parul\AppData\Roaming\npm;";C:\Program Files\nodejs\";
USERNAME=Parul
OS=Windows_NT
PROCESSOR_IDENTIFIER=Intel64 Family 6 Model 78 Stepping 3, GenuineIntel



---------------  S Y S T E M  ---------------

OS: Windows 10.0 , 64 bit Build 17134 (10.0.17134.556)

CPU:total 4 (initial active 4) (2 cores per cpu, 2 threads per core) family 6 model 78 stepping 3, cmov, cx8, fxsr, mmx, sse, sse2, sse3, ssse3, sse4.1, sse4.2, popcnt, avx, avx2, aes, clmul, erms, 3dnowpref, lzcnt, ht, tsc, tscinvbit, bmi1, bmi2, adx

Memory: 4k page, physical 8180792k(559848k free), swap 9595960k(5392k free)

vm_info: OpenJDK 64-Bit Server VM (25.152-b02) for windows-amd64 JRE (1.8.0_152-release-1024-b02), built by "builder" with MS VC++ 10.0 (VS2010)

time: Fri Mar 01 21:11:34 2019
elapsed time: 17 seconds (0d 0h 0m 17s)

